{"/home/yooo/dbwebb-kurser/ramverk2/me/app/client/src/actions/userActions.js": {"path":"/home/yooo/dbwebb-kurser/ramverk2/me/app/client/src/actions/userActions.js","statementMap":{"0":{"start":{"line":6,"column":4},"end":{"line":9,"column":6}},"1":{"start":{"line":13,"column":4},"end":{"line":16,"column":6}},"2":{"start":{"line":20,"column":4},"end":{"line":26,"column":6}},"3":{"start":{"line":21,"column":8},"end":{"line":25,"column":11}},"4":{"start":{"line":22,"column":12},"end":{"line":22,"column":45}},"5":{"start":{"line":24,"column":12},"end":{"line":24,"column":37}},"6":{"start":{"line":30,"column":4},"end":{"line":33,"column":6}},"7":{"start":{"line":37,"column":4},"end":{"line":40,"column":6}},"8":{"start":{"line":44,"column":4},"end":{"line":50,"column":6}},"9":{"start":{"line":45,"column":8},"end":{"line":49,"column":11}},"10":{"start":{"line":46,"column":12},"end":{"line":46,"column":45}},"11":{"start":{"line":48,"column":12},"end":{"line":48,"column":37}},"12":{"start":{"line":54,"column":4},"end":{"line":56,"column":6}}},"fnMap":{"0":{"name":"loginSuccess","decl":{"start":{"line":5,"column":16},"end":{"line":5,"column":28}},"loc":{"start":{"line":5,"column":36},"end":{"line":10,"column":1}},"line":5},"1":{"name":"loginFailure","decl":{"start":{"line":12,"column":16},"end":{"line":12,"column":28}},"loc":{"start":{"line":12,"column":31},"end":{"line":17,"column":1}},"line":12},"2":{"name":"login","decl":{"start":{"line":19,"column":16},"end":{"line":19,"column":21}},"loc":{"start":{"line":19,"column":32},"end":{"line":27,"column":1}},"line":19},"3":{"name":"(anonymous_3)","decl":{"start":{"line":20,"column":11},"end":{"line":20,"column":12}},"loc":{"start":{"line":20,"column":30},"end":{"line":26,"column":5}},"line":20},"4":{"name":"(anonymous_4)","decl":{"start":{"line":21,"column":67},"end":{"line":21,"column":68}},"loc":{"start":{"line":21,"column":81},"end":{"line":23,"column":9}},"line":21},"5":{"name":"(anonymous_5)","decl":{"start":{"line":23,"column":17},"end":{"line":23,"column":18}},"loc":{"start":{"line":23,"column":23},"end":{"line":25,"column":9}},"line":23},"6":{"name":"registerSuccess","decl":{"start":{"line":29,"column":16},"end":{"line":29,"column":31}},"loc":{"start":{"line":29,"column":39},"end":{"line":34,"column":1}},"line":29},"7":{"name":"registerFailure","decl":{"start":{"line":36,"column":16},"end":{"line":36,"column":31}},"loc":{"start":{"line":36,"column":34},"end":{"line":41,"column":1}},"line":36},"8":{"name":"register","decl":{"start":{"line":43,"column":16},"end":{"line":43,"column":24}},"loc":{"start":{"line":43,"column":35},"end":{"line":51,"column":1}},"line":43},"9":{"name":"(anonymous_9)","decl":{"start":{"line":44,"column":11},"end":{"line":44,"column":12}},"loc":{"start":{"line":44,"column":30},"end":{"line":50,"column":5}},"line":44},"10":{"name":"(anonymous_10)","decl":{"start":{"line":45,"column":67},"end":{"line":45,"column":68}},"loc":{"start":{"line":45,"column":81},"end":{"line":47,"column":9}},"line":45},"11":{"name":"(anonymous_11)","decl":{"start":{"line":47,"column":17},"end":{"line":47,"column":18}},"loc":{"start":{"line":47,"column":23},"end":{"line":49,"column":9}},"line":47},"12":{"name":"logout","decl":{"start":{"line":53,"column":16},"end":{"line":53,"column":22}},"loc":{"start":{"line":53,"column":25},"end":{"line":57,"column":1}},"line":53}},"branchMap":{},"s":{"0":0,"1":0,"2":0,"3":0,"4":0,"5":0,"6":0,"7":0,"8":0,"9":0,"10":0,"11":0,"12":0},"f":{"0":0,"1":0,"2":0,"3":0,"4":0,"5":0,"6":0,"7":0,"8":0,"9":0,"10":0,"11":0,"12":0},"b":{},"_coverageSchema":"332fd63041d2c1bcb487cc26dd0d5f7d97098a6c","hash":"ac0ba0f538a2592282b394d6c5110c669fcd996d"}
,"/home/yooo/dbwebb-kurser/ramverk2/me/app/client/src/components/Chat.js": {"path":"/home/yooo/dbwebb-kurser/ramverk2/me/app/client/src/components/Chat.js","statementMap":{"0":{"start":{"line":16,"column":4},"end":{"line":16,"column":59}},"1":{"start":{"line":21,"column":8},"end":{"line":21,"column":21}},"2":{"start":{"line":23,"column":8},"end":{"line":23,"column":55}},"3":{"start":{"line":24,"column":8},"end":{"line":24,"column":61}},"4":{"start":{"line":25,"column":8},"end":{"line":25,"column":47}},"5":{"start":{"line":26,"column":8},"end":{"line":26,"column":55}},"6":{"start":{"line":27,"column":8},"end":{"line":27,"column":59}},"7":{"start":{"line":29,"column":8},"end":{"line":33,"column":10}},"8":{"start":{"line":35,"column":34},"end":{"line":35,"column":49}},"9":{"start":{"line":37,"column":8},"end":{"line":37,"column":34}},"10":{"start":{"line":38,"column":8},"end":{"line":38,"column":56}},"11":{"start":{"line":39,"column":8},"end":{"line":39,"column":61}},"12":{"start":{"line":40,"column":8},"end":{"line":40,"column":54}},"13":{"start":{"line":44,"column":8},"end":{"line":46,"column":11}},"14":{"start":{"line":50,"column":8},"end":{"line":50,"column":27}},"15":{"start":{"line":51,"column":8},"end":{"line":51,"column":28}},"16":{"start":{"line":52,"column":8},"end":{"line":58,"column":9}},"17":{"start":{"line":54,"column":16},"end":{"line":54,"column":35}},"18":{"start":{"line":55,"column":16},"end":{"line":55,"column":22}},"19":{"start":{"line":57,"column":16},"end":{"line":57,"column":28}},"20":{"start":{"line":62,"column":8},"end":{"line":62,"column":38}},"21":{"start":{"line":63,"column":8},"end":{"line":63,"column":26}},"22":{"start":{"line":64,"column":42},"end":{"line":64,"column":46}},"23":{"start":{"line":66,"column":8},"end":{"line":74,"column":11}},"24":{"start":{"line":67,"column":27},"end":{"line":67,"column":54}},"25":{"start":{"line":69,"column":12},"end":{"line":71,"column":15}},"26":{"start":{"line":73,"column":12},"end":{"line":73,"column":44}},"27":{"start":{"line":78,"column":34},"end":{"line":78,"column":49}},"28":{"start":{"line":80,"column":8},"end":{"line":85,"column":11}},"29":{"start":{"line":87,"column":8},"end":{"line":87,"column":39}},"30":{"start":{"line":91,"column":8},"end":{"line":91,"column":27}},"31":{"start":{"line":92,"column":8},"end":{"line":94,"column":11}},"32":{"start":{"line":98,"column":8},"end":{"line":100,"column":11}},"33":{"start":{"line":104,"column":8},"end":{"line":104,"column":33}},"34":{"start":{"line":108,"column":8},"end":{"line":108,"column":61}},"35":{"start":{"line":112,"column":34},"end":{"line":112,"column":44}},"36":{"start":{"line":114,"column":8},"end":{"line":166,"column":10}},"37":{"start":{"line":122,"column":36},"end":{"line":127,"column":38}},"38":{"start":{"line":136,"column":36},"end":{"line":150,"column":38}},"39":{"start":{"line":170,"column":0},"end":{"line":173,"column":2}},"40":{"start":{"line":176,"column":4},"end":{"line":179,"column":6}},"41":{"start":{"line":183,"column":4},"end":{"line":185,"column":6}}},"fnMap":{"0":{"name":"getGravatar","decl":{"start":{"line":15,"column":9},"end":{"line":15,"column":20}},"loc":{"start":{"line":15,"column":28},"end":{"line":17,"column":1}},"line":15},"1":{"name":"(anonymous_1)","decl":{"start":{"line":20,"column":4},"end":{"line":20,"column":5}},"loc":{"start":{"line":20,"column":23},"end":{"line":41,"column":5}},"line":20},"2":{"name":"(anonymous_2)","decl":{"start":{"line":43,"column":4},"end":{"line":43,"column":5}},"loc":{"start":{"line":43,"column":22},"end":{"line":47,"column":5}},"line":43},"3":{"name":"(anonymous_3)","decl":{"start":{"line":49,"column":4},"end":{"line":49,"column":5}},"loc":{"start":{"line":49,"column":15},"end":{"line":59,"column":5}},"line":49},"4":{"name":"(anonymous_4)","decl":{"start":{"line":61,"column":4},"end":{"line":61,"column":5}},"loc":{"start":{"line":61,"column":24},"end":{"line":75,"column":5}},"line":61},"5":{"name":"(anonymous_5)","decl":{"start":{"line":66,"column":22},"end":{"line":66,"column":23}},"loc":{"start":{"line":66,"column":35},"end":{"line":74,"column":9}},"line":66},"6":{"name":"(anonymous_6)","decl":{"start":{"line":77,"column":4},"end":{"line":77,"column":5}},"loc":{"start":{"line":77,"column":18},"end":{"line":88,"column":5}},"line":77},"7":{"name":"(anonymous_7)","decl":{"start":{"line":90,"column":4},"end":{"line":90,"column":5}},"loc":{"start":{"line":90,"column":23},"end":{"line":95,"column":5}},"line":90},"8":{"name":"(anonymous_8)","decl":{"start":{"line":97,"column":4},"end":{"line":97,"column":5}},"loc":{"start":{"line":97,"column":28},"end":{"line":101,"column":5}},"line":97},"9":{"name":"(anonymous_9)","decl":{"start":{"line":103,"column":4},"end":{"line":103,"column":5}},"loc":{"start":{"line":103,"column":27},"end":{"line":105,"column":5}},"line":103},"10":{"name":"(anonymous_10)","decl":{"start":{"line":107,"column":4},"end":{"line":107,"column":5}},"loc":{"start":{"line":107,"column":25},"end":{"line":109,"column":5}},"line":107},"11":{"name":"(anonymous_11)","decl":{"start":{"line":111,"column":4},"end":{"line":111,"column":5}},"loc":{"start":{"line":111,"column":13},"end":{"line":167,"column":5}},"line":111},"12":{"name":"(anonymous_12)","decl":{"start":{"line":121,"column":43},"end":{"line":121,"column":44}},"loc":{"start":{"line":121,"column":56},"end":{"line":128,"column":33}},"line":121},"13":{"name":"(anonymous_13)","decl":{"start":{"line":135,"column":46},"end":{"line":135,"column":47}},"loc":{"start":{"line":135,"column":58},"end":{"line":151,"column":33}},"line":135},"14":{"name":"(anonymous_14)","decl":{"start":{"line":146,"column":77},"end":{"line":146,"column":78}},"loc":{"start":{"line":146,"column":83},"end":{"line":146,"column":115}},"line":146},"15":{"name":"(anonymous_15)","decl":{"start":{"line":153,"column":42},"end":{"line":153,"column":43}},"loc":{"start":{"line":153,"column":48},"end":{"line":153,"column":65}},"line":153},"16":{"name":"mapStateToProps","decl":{"start":{"line":175,"column":9},"end":{"line":175,"column":24}},"loc":{"start":{"line":175,"column":42},"end":{"line":180,"column":1}},"line":175},"17":{"name":"mapDispatchToProps","decl":{"start":{"line":182,"column":9},"end":{"line":182,"column":27}},"loc":{"start":{"line":182,"column":38},"end":{"line":186,"column":1}},"line":182}},"branchMap":{"0":{"loc":{"start":{"line":52,"column":8},"end":{"line":58,"column":9}},"type":"switch","locations":[{"start":{"line":53,"column":12},"end":{"line":55,"column":22}},{"start":{"line":56,"column":12},"end":{"line":57,"column":28}}],"line":52}},"s":{"0":0,"1":1,"2":1,"3":1,"4":1,"5":1,"6":1,"7":1,"8":1,"9":1,"10":1,"11":1,"12":1,"13":0,"14":0,"15":0,"16":0,"17":0,"18":0,"19":0,"20":0,"21":0,"22":0,"23":0,"24":0,"25":0,"26":0,"27":0,"28":0,"29":0,"30":0,"31":0,"32":0,"33":0,"34":0,"35":1,"36":1,"37":0,"38":0,"39":1,"40":0,"41":0},"f":{"0":0,"1":1,"2":0,"3":0,"4":0,"5":0,"6":0,"7":0,"8":0,"9":0,"10":0,"11":1,"12":0,"13":0,"14":0,"15":0,"16":0,"17":0},"b":{"0":[0,0]},"_coverageSchema":"332fd63041d2c1bcb487cc26dd0d5f7d97098a6c","hash":"f00ab6eb62bba838b4b4c728e80de5aadf96c00f"}
,"/home/yooo/dbwebb-kurser/ramverk2/me/app/client/src/components/LoginForm.js": {"path":"/home/yooo/dbwebb-kurser/ramverk2/me/app/client/src/components/LoginForm.js","statementMap":{"0":{"start":{"line":21,"column":8},"end":{"line":21,"column":21}},"1":{"start":{"line":23,"column":8},"end":{"line":27,"column":10}},"2":{"start":{"line":29,"column":8},"end":{"line":29,"column":65}},"3":{"start":{"line":30,"column":8},"end":{"line":30,"column":71}},"4":{"start":{"line":31,"column":8},"end":{"line":31,"column":71}},"5":{"start":{"line":35,"column":8},"end":{"line":35,"column":50}},"6":{"start":{"line":39,"column":8},"end":{"line":39,"column":50}},"7":{"start":{"line":43,"column":8},"end":{"line":45,"column":11}},"8":{"start":{"line":47,"column":37},"end":{"line":47,"column":47}},"9":{"start":{"line":49,"column":8},"end":{"line":49,"column":80}},"10":{"start":{"line":51,"column":8},"end":{"line":54,"column":9}},"11":{"start":{"line":52,"column":12},"end":{"line":52,"column":41}},"12":{"start":{"line":53,"column":12},"end":{"line":53,"column":19}},"13":{"start":{"line":56,"column":8},"end":{"line":60,"column":11}},"14":{"start":{"line":62,"column":8},"end":{"line":62,"column":73}},"15":{"start":{"line":66,"column":8},"end":{"line":92,"column":10}},"16":{"start":{"line":96,"column":0},"end":{"line":100,"column":2}},"17":{"start":{"line":103,"column":4},"end":{"line":106,"column":6}},"18":{"start":{"line":111,"column":4},"end":{"line":113,"column":6}}},"fnMap":{"0":{"name":"(anonymous_0)","decl":{"start":{"line":20,"column":4},"end":{"line":20,"column":5}},"loc":{"start":{"line":20,"column":23},"end":{"line":32,"column":5}},"line":20},"1":{"name":"(anonymous_1)","decl":{"start":{"line":34,"column":4},"end":{"line":34,"column":5}},"loc":{"start":{"line":34,"column":27},"end":{"line":36,"column":5}},"line":34},"2":{"name":"(anonymous_2)","decl":{"start":{"line":38,"column":4},"end":{"line":38,"column":5}},"loc":{"start":{"line":38,"column":27},"end":{"line":40,"column":5}},"line":38},"3":{"name":"(anonymous_3)","decl":{"start":{"line":42,"column":4},"end":{"line":42,"column":5}},"loc":{"start":{"line":42,"column":29},"end":{"line":63,"column":5}},"line":42},"4":{"name":"(anonymous_4)","decl":{"start":{"line":65,"column":4},"end":{"line":65,"column":5}},"loc":{"start":{"line":65,"column":13},"end":{"line":93,"column":5}},"line":65},"5":{"name":"mapStateToProps","decl":{"start":{"line":102,"column":9},"end":{"line":102,"column":24}},"loc":{"start":{"line":102,"column":42},"end":{"line":107,"column":1}},"line":102},"6":{"name":"mapDispatchToProps","decl":{"start":{"line":110,"column":9},"end":{"line":110,"column":27}},"loc":{"start":{"line":110,"column":38},"end":{"line":114,"column":1}},"line":110}},"branchMap":{"0":{"loc":{"start":{"line":51,"column":8},"end":{"line":54,"column":9}},"type":"if","locations":[{"start":{"line":51,"column":8},"end":{"line":54,"column":9}},{"start":{"line":51,"column":8},"end":{"line":54,"column":9}}],"line":51}},"s":{"0":1,"1":1,"2":1,"3":1,"4":1,"5":0,"6":0,"7":0,"8":0,"9":0,"10":0,"11":0,"12":0,"13":0,"14":0,"15":1,"16":1,"17":0,"18":0},"f":{"0":1,"1":0,"2":0,"3":0,"4":1,"5":0,"6":0},"b":{"0":[0,0]},"_coverageSchema":"332fd63041d2c1bcb487cc26dd0d5f7d97098a6c","hash":"b1ab3ca05071c9d1d841faed4537aa7fbc1037dc"}
,"/home/yooo/dbwebb-kurser/ramverk2/me/app/client/src/components/Menu.js": {"path":"/home/yooo/dbwebb-kurser/ramverk2/me/app/client/src/components/Menu.js","statementMap":{"0":{"start":{"line":7,"column":8},"end":{"line":7,"column":21}},"1":{"start":{"line":11,"column":8},"end":{"line":20,"column":10}},"2":{"start":{"line":24,"column":0},"end":{"line":27,"column":2}}},"fnMap":{"0":{"name":"(anonymous_0)","decl":{"start":{"line":6,"column":4},"end":{"line":6,"column":5}},"loc":{"start":{"line":6,"column":23},"end":{"line":8,"column":5}},"line":6},"1":{"name":"(anonymous_1)","decl":{"start":{"line":10,"column":4},"end":{"line":10,"column":5}},"loc":{"start":{"line":10,"column":13},"end":{"line":21,"column":5}},"line":10}},"branchMap":{},"s":{"0":1,"1":1,"2":2},"f":{"0":1,"1":1},"b":{},"_coverageSchema":"332fd63041d2c1bcb487cc26dd0d5f7d97098a6c","hash":"8fad2fbae97e9a59aacebc2326d1f7cdd6266052"}
,"/home/yooo/dbwebb-kurser/ramverk2/me/app/client/src/components/RegisterForm.js": {"path":"/home/yooo/dbwebb-kurser/ramverk2/me/app/client/src/components/RegisterForm.js","statementMap":{"0":{"start":{"line":21,"column":8},"end":{"line":21,"column":21}},"1":{"start":{"line":23,"column":8},"end":{"line":23,"column":44}},"2":{"start":{"line":25,"column":8},"end":{"line":25,"column":71}},"3":{"start":{"line":26,"column":8},"end":{"line":26,"column":57}},"4":{"start":{"line":30,"column":8},"end":{"line":35,"column":10}},"5":{"start":{"line":39,"column":8},"end":{"line":41,"column":11}},"6":{"start":{"line":45,"column":8},"end":{"line":47,"column":11}},"7":{"start":{"line":49,"column":44},"end":{"line":49,"column":54}},"8":{"start":{"line":51,"column":8},"end":{"line":51,"column":71}},"9":{"start":{"line":53,"column":8},"end":{"line":56,"column":9}},"10":{"start":{"line":54,"column":12},"end":{"line":54,"column":41}},"11":{"start":{"line":55,"column":12},"end":{"line":55,"column":19}},"12":{"start":{"line":58,"column":8},"end":{"line":58,"column":44}},"13":{"start":{"line":59,"column":8},"end":{"line":59,"column":99}},"14":{"start":{"line":63,"column":53},"end":{"line":63,"column":63}},"15":{"start":{"line":65,"column":8},"end":{"line":92,"column":10}},"16":{"start":{"line":96,"column":0},"end":{"line":100,"column":2}},"17":{"start":{"line":103,"column":4},"end":{"line":106,"column":6}},"18":{"start":{"line":111,"column":4},"end":{"line":113,"column":6}}},"fnMap":{"0":{"name":"(anonymous_0)","decl":{"start":{"line":20,"column":4},"end":{"line":20,"column":5}},"loc":{"start":{"line":20,"column":23},"end":{"line":27,"column":5}},"line":20},"1":{"name":"(anonymous_1)","decl":{"start":{"line":29,"column":4},"end":{"line":29,"column":5}},"loc":{"start":{"line":29,"column":22},"end":{"line":36,"column":5}},"line":29},"2":{"name":"(anonymous_2)","decl":{"start":{"line":38,"column":4},"end":{"line":38,"column":5}},"loc":{"start":{"line":38,"column":37},"end":{"line":42,"column":5}},"line":38},"3":{"name":"(anonymous_3)","decl":{"start":{"line":44,"column":4},"end":{"line":44,"column":5}},"loc":{"start":{"line":44,"column":32},"end":{"line":60,"column":5}},"line":44},"4":{"name":"(anonymous_4)","decl":{"start":{"line":62,"column":4},"end":{"line":62,"column":5}},"loc":{"start":{"line":62,"column":13},"end":{"line":93,"column":5}},"line":62},"5":{"name":"mapStateToProps","decl":{"start":{"line":102,"column":9},"end":{"line":102,"column":24}},"loc":{"start":{"line":102,"column":42},"end":{"line":107,"column":1}},"line":102},"6":{"name":"mapDispatchToProps","decl":{"start":{"line":110,"column":9},"end":{"line":110,"column":27}},"loc":{"start":{"line":110,"column":38},"end":{"line":114,"column":1}},"line":110}},"branchMap":{"0":{"loc":{"start":{"line":53,"column":8},"end":{"line":56,"column":9}},"type":"if","locations":[{"start":{"line":53,"column":8},"end":{"line":56,"column":9}},{"start":{"line":53,"column":8},"end":{"line":56,"column":9}}],"line":53}},"s":{"0":1,"1":1,"2":1,"3":1,"4":1,"5":0,"6":0,"7":0,"8":0,"9":0,"10":0,"11":0,"12":0,"13":0,"14":1,"15":1,"16":1,"17":0,"18":0},"f":{"0":1,"1":1,"2":0,"3":0,"4":1,"5":0,"6":0},"b":{"0":[0,0]},"_coverageSchema":"332fd63041d2c1bcb487cc26dd0d5f7d97098a6c","hash":"ce34fa51a341dd3ff4a7f65cacfdbcc37a4bed3c"}
,"/home/yooo/dbwebb-kurser/ramverk2/me/app/client/src/constants/actionTypes.js": {"path":"/home/yooo/dbwebb-kurser/ramverk2/me/app/client/src/constants/actionTypes.js","statementMap":{"0":{"start":{"line":1,"column":21},"end":{"line":1,"column":28}},"1":{"start":{"line":2,"column":24},"end":{"line":2,"column":34}},"2":{"start":{"line":3,"column":29},"end":{"line":3,"column":44}},"3":{"start":{"line":4,"column":29},"end":{"line":4,"column":44}},"4":{"start":{"line":5,"column":32},"end":{"line":5,"column":50}},"5":{"start":{"line":6,"column":32},"end":{"line":6,"column":50}},"6":{"start":{"line":7,"column":22},"end":{"line":7,"column":30}}},"fnMap":{},"branchMap":{},"s":{"0":3,"1":3,"2":3,"3":3,"4":3,"5":3,"6":3},"f":{},"b":{},"_coverageSchema":"332fd63041d2c1bcb487cc26dd0d5f7d97098a6c","hash":"657f1a1bfd5002d0df0060fb0d49f42591554a4c"}
,"/home/yooo/dbwebb-kurser/ramverk2/me/app/client/src/constants/index.js": {"path":"/home/yooo/dbwebb-kurser/ramverk2/me/app/client/src/constants/index.js","statementMap":{"0":{"start":{"line":1,"column":23},"end":{"line":1,"column":50}}},"fnMap":{},"branchMap":{},"s":{"0":3},"f":{},"b":{},"_coverageSchema":"332fd63041d2c1bcb487cc26dd0d5f7d97098a6c","hash":"78cb9264b807436198f6dc25ffe63b88ad214651"}
}
