TN:
SF:/home/yooo/dbwebb-kurser/ramverk2/me/app/client/src/actions/userActions.js
FN:5,loginSuccess
FN:12,loginFailure
FN:19,login
FN:20,(anonymous_3)
FN:21,(anonymous_4)
FN:23,(anonymous_5)
FN:29,registerSuccess
FN:36,registerFailure
FN:43,register
FN:44,(anonymous_9)
FN:45,(anonymous_10)
FN:47,(anonymous_11)
FN:53,logout
FNF:13
FNH:0
FNDA:0,loginSuccess
FNDA:0,loginFailure
FNDA:0,login
FNDA:0,(anonymous_3)
FNDA:0,(anonymous_4)
FNDA:0,(anonymous_5)
FNDA:0,registerSuccess
FNDA:0,registerFailure
FNDA:0,register
FNDA:0,(anonymous_9)
FNDA:0,(anonymous_10)
FNDA:0,(anonymous_11)
FNDA:0,logout
DA:6,0
DA:13,0
DA:20,0
DA:21,0
DA:22,0
DA:24,0
DA:30,0
DA:37,0
DA:44,0
DA:45,0
DA:46,0
DA:48,0
DA:54,0
LF:13
LH:0
BRF:0
BRH:0
end_of_record
TN:
SF:/home/yooo/dbwebb-kurser/ramverk2/me/app/client/src/components/Chat.js
FN:15,getGravatar
FN:20,(anonymous_1)
FN:43,(anonymous_2)
FN:49,(anonymous_3)
FN:61,(anonymous_4)
FN:66,(anonymous_5)
FN:77,(anonymous_6)
FN:90,(anonymous_7)
FN:97,(anonymous_8)
FN:103,(anonymous_9)
FN:107,(anonymous_10)
FN:111,(anonymous_11)
FN:121,(anonymous_12)
FN:135,(anonymous_13)
FN:146,(anonymous_14)
FN:153,(anonymous_15)
FN:175,mapStateToProps
FN:182,mapDispatchToProps
FNF:18
FNH:2
FNDA:0,getGravatar
FNDA:1,(anonymous_1)
FNDA:0,(anonymous_2)
FNDA:0,(anonymous_3)
FNDA:0,(anonymous_4)
FNDA:0,(anonymous_5)
FNDA:0,(anonymous_6)
FNDA:0,(anonymous_7)
FNDA:0,(anonymous_8)
FNDA:0,(anonymous_9)
FNDA:0,(anonymous_10)
FNDA:1,(anonymous_11)
FNDA:0,(anonymous_12)
FNDA:0,(anonymous_13)
FNDA:0,(anonymous_14)
FNDA:0,(anonymous_15)
FNDA:0,mapStateToProps
FNDA:0,mapDispatchToProps
DA:16,0
DA:21,1
DA:23,1
DA:24,1
DA:25,1
DA:26,1
DA:27,1
DA:29,1
DA:35,1
DA:37,1
DA:38,1
DA:39,1
DA:40,1
DA:44,0
DA:50,0
DA:51,0
DA:52,0
DA:54,0
DA:55,0
DA:57,0
DA:62,0
DA:63,0
DA:64,0
DA:66,0
DA:67,0
DA:69,0
DA:73,0
DA:78,0
DA:80,0
DA:87,0
DA:91,0
DA:92,0
DA:98,0
DA:104,0
DA:108,0
DA:112,1
DA:114,1
DA:122,0
DA:136,0
DA:170,1
DA:176,0
DA:183,0
LF:42
LH:15
BRDA:52,0,0,0
BRDA:52,0,1,0
BRF:2
BRH:0
end_of_record
TN:
SF:/home/yooo/dbwebb-kurser/ramverk2/me/app/client/src/components/LoginForm.js
FN:20,(anonymous_0)
FN:34,(anonymous_1)
FN:38,(anonymous_2)
FN:42,(anonymous_3)
FN:65,(anonymous_4)
FN:102,mapStateToProps
FN:110,mapDispatchToProps
FNF:7
FNH:2
FNDA:1,(anonymous_0)
FNDA:0,(anonymous_1)
FNDA:0,(anonymous_2)
FNDA:0,(anonymous_3)
FNDA:1,(anonymous_4)
FNDA:0,mapStateToProps
FNDA:0,mapDispatchToProps
DA:21,1
DA:23,1
DA:29,1
DA:30,1
DA:31,1
DA:35,0
DA:39,0
DA:43,0
DA:47,0
DA:49,0
DA:51,0
DA:52,0
DA:53,0
DA:56,0
DA:62,0
DA:66,1
DA:96,1
DA:103,0
DA:111,0
LF:19
LH:7
BRDA:51,0,0,0
BRDA:51,0,1,0
BRF:2
BRH:0
end_of_record
TN:
SF:/home/yooo/dbwebb-kurser/ramverk2/me/app/client/src/components/Menu.js
FN:6,(anonymous_0)
FN:10,(anonymous_1)
FNF:2
FNH:2
FNDA:1,(anonymous_0)
FNDA:1,(anonymous_1)
DA:7,1
DA:11,1
DA:24,2
LF:3
LH:3
BRF:0
BRH:0
end_of_record
TN:
SF:/home/yooo/dbwebb-kurser/ramverk2/me/app/client/src/components/RegisterForm.js
FN:20,(anonymous_0)
FN:29,(anonymous_1)
FN:38,(anonymous_2)
FN:44,(anonymous_3)
FN:62,(anonymous_4)
FN:102,mapStateToProps
FN:110,mapDispatchToProps
FNF:7
FNH:3
FNDA:1,(anonymous_0)
FNDA:1,(anonymous_1)
FNDA:0,(anonymous_2)
FNDA:0,(anonymous_3)
FNDA:1,(anonymous_4)
FNDA:0,mapStateToProps
FNDA:0,mapDispatchToProps
DA:21,1
DA:23,1
DA:25,1
DA:26,1
DA:30,1
DA:39,0
DA:45,0
DA:49,0
DA:51,0
DA:53,0
DA:54,0
DA:55,0
DA:58,0
DA:59,0
DA:63,1
DA:65,1
DA:96,1
DA:103,0
DA:111,0
LF:19
LH:8
BRDA:53,0,0,0
BRDA:53,0,1,0
BRF:2
BRH:0
end_of_record
TN:
SF:/home/yooo/dbwebb-kurser/ramverk2/me/app/client/src/constants/actionTypes.js
FNF:0
FNH:0
DA:1,3
DA:2,3
DA:3,3
DA:4,3
DA:5,3
DA:6,3
DA:7,3
LF:7
LH:7
BRF:0
BRH:0
end_of_record
TN:
SF:/home/yooo/dbwebb-kurser/ramverk2/me/app/client/src/constants/index.js
FNF:0
FNH:0
DA:1,3
LF:1
LH:1
BRF:0
BRH:0
end_of_record
